<configuration>
  <duracloudHost>test.duracloud.org</duracloudHost>
</configuration>