<archiveItConfig>
  <duracloudHost>test.duracloud.org</duracloudHost>
</archiveItConfig>