<org.duracloud.ec2serviceprovider.mgmt.EC2ServiceProviderProperties>
  <provider>amazon-ec2</provider>
  <signatureMethod>HmacSHA1</signatureMethod>
  <keyname>awoods-keypair</keyname>
  <imageId>ami-92f314fb</imageId>
  <minInstanceCount>1</minInstanceCount>
  <maxInstanceCount>1</maxInstanceCount>
  <maxAsyncThreads>35</maxAsyncThreads>
  <webappProtocol>http</webappProtocol>
  <webappPort>8080</webappPort>
  <webappName>/instancewebapp</webappName>
</org.duracloud.ec2serviceprovider.mgmt.EC2ServiceProviderProperties>
